<?xml version="1.0" encoding="UTF-8"?>
<testng-results ignored="0" total="1" passed="1" failed="0" skipped="0">
  <reporter-output>
    <line>
      <![CDATA[crudpassed]]>
    </line>
  </reporter-output>
  <suite started-at="2024-08-31T10:26:48 IST" name="Default suite" finished-at="2024-08-31T10:27:01 IST" duration-ms="12552">
    <groups>
    </groups>
    <test started-at="2024-08-31T10:26:48 IST" name="Default test" finished-at="2024-08-31T10:27:01 IST" duration-ms="12552">
      <class name="com.swaglabs.testscript.MainExecutionClass">
        <test-method is-config="true" signature="OpenBrowser()[pri:0, instance:com.swaglabs.testscript.MainExecutionClass@2e3967ea]" started-at="2024-08-31T10:26:48 IST" name="OpenBrowser" finished-at="2024-08-31T10:26:57 IST" duration-ms="9105" status="PASS">
          <reporter-output>
          </reporter-output>
        </test-method> <!-- OpenBrowser -->
        <test-method is-config="true" signature="login()[pri:0, instance:com.swaglabs.testscript.MainExecutionClass@2e3967ea]" started-at="2024-08-31T10:26:58 IST" name="login" finished-at="2024-08-31T10:26:58 IST" duration-ms="809" status="PASS">
          <reporter-output>
          </reporter-output>
        </test-method> <!-- login -->
        <test-method signature="crud()[pri:0, instance:com.swaglabs.testscript.MainExecutionClass@2e3967ea]" started-at="2024-08-31T10:26:58 IST" name="crud" finished-at="2024-08-31T10:27:00 IST" duration-ms="1272" status="PASS">
          <reporter-output>
            <line>
              <![CDATA[crudpassed]]>
            </line>
          </reporter-output>
        </test-method> <!-- crud -->
        <test-method is-config="true" signature="logout()[pri:0, instance:com.swaglabs.testscript.MainExecutionClass@2e3967ea]" started-at="2024-08-31T10:27:00 IST" name="logout" finished-at="2024-08-31T10:27:00 IST" duration-ms="275" status="PASS">
          <reporter-output>
          </reporter-output>
        </test-method> <!-- logout -->
        <test-method is-config="true" signature="CloseBrowser()[pri:0, instance:com.swaglabs.testscript.MainExecutionClass@2e3967ea]" started-at="2024-08-31T10:27:00 IST" name="CloseBrowser" finished-at="2024-08-31T10:27:01 IST" duration-ms="1022" status="PASS">
          <reporter-output>
          </reporter-output>
        </test-method> <!-- CloseBrowser -->
      </class> <!-- com.swaglabs.testscript.MainExecutionClass -->
    </test> <!-- Default test -->
  </suite> <!-- Default suite -->
</testng-results>
